0 verbose cli /data/data/com.termux/files/usr/bin/node /data/data/com.termux/files/usr/bin/npm
1 info using npm@10.8.2
2 info using node@v22.8.0
3 silly config load:file:/data/data/com.termux/files/usr/lib/node_modules/npm/npmrc
4 silly config load:file:/data/data/com.termux/files/home/whatsapp-bot/.npmrc
5 silly config load:file:/data/data/com.termux/files/home/.npmrc
6 silly config load:file:/data/data/com.termux/files/usr/etc/npmrc
7 verbose title npm install whatsapp-web.js qrcode-terminal
8 verbose argv "install" "whatsapp-web.js" "qrcode-terminal"
9 verbose logfile logs-max:10 dir:/data/data/com.termux/files/home/.npm/_logs/2024-11-28T11_50_09_472Z-
10 verbose logfile /data/data/com.termux/files/home/.npm/_logs/2024-11-28T11_50_09_472Z-debug-0.log
11 silly packumentCache heap:1098907648 maxSize:274726912 maxEntrySize:137363456
12 silly logfile start cleaning logs, removing 1 files
13 silly logfile done cleaning log files
14 silly idealTree buildDeps
15 silly fetch manifest whatsapp-web.js@*
16 silly packumentCache full:https://registry.npmjs.org/whatsapp-web.js cache-miss
17 http fetch GET 200 https://registry.npmjs.org/whatsapp-web.js 12263ms (cache miss)
18 silly packumentCache full:https://registry.npmjs.org/whatsapp-web.js set size:undefined disposed:false
19 silly fetch manifest qrcode-terminal@*
20 silly packumentCache full:https://registry.npmjs.org/qrcode-terminal cache-miss
21 http fetch GET 200 https://registry.npmjs.org/qrcode-terminal 426ms (cache miss)
22 silly packumentCache full:https://registry.npmjs.org/qrcode-terminal set size:undefined disposed:false
23 silly placeDep ROOT qrcode-terminal@0.12.0 OK for: whatsapp-bot@1.0.0 want: *
24 silly placeDep ROOT whatsapp-web.js@1.26.0 OK for: whatsapp-bot@1.0.0 want: *
25 silly fetch manifest mime@^3.0.0
26 silly packumentCache full:https://registry.npmjs.org/mime cache-miss
27 silly fetch manifest puppeteer@^18.2.1
28 silly packumentCache full:https://registry.npmjs.org/puppeteer cache-miss
29 silly fetch manifest node-fetch@^2.6.9
30 silly packumentCache full:https://registry.npmjs.org/node-fetch cache-miss
31 silly fetch manifest node-webpmux@3.1.7
32 silly packumentCache full:https://registry.npmjs.org/node-webpmux cache-miss
33 silly fetch manifest fluent-ffmpeg@2.1.2
34 silly packumentCache full:https://registry.npmjs.org/fluent-ffmpeg cache-miss
35 silly fetch manifest @pedroslopez/moduleraid@^5.0.2
36 silly packumentCache full:https://registry.npmjs.org/@pedroslopez%2fmoduleraid cache-miss
37 silly fetch manifest archiver@^5.3.1
38 silly packumentCache full:https://registry.npmjs.org/archiver cache-miss
39 http fetch GET 200 https://registry.npmjs.org/mime 1520ms (cache miss)
40 silly packumentCache full:https://registry.npmjs.org/mime set size:undefined disposed:false
41 silly fetch manifest fs-extra@^10.1.0
42 silly packumentCache full:https://registry.npmjs.org/fs-extra cache-miss
43 http fetch GET 200 https://registry.npmjs.org/fs-extra 5745ms (cache miss)
44 silly packumentCache full:https://registry.npmjs.org/fs-extra set size:undefined disposed:false
45 silly fetch manifest unzipper@^0.10.11
46 silly packumentCache full:https://registry.npmjs.org/unzipper cache-miss
47 http fetch GET 200 https://registry.npmjs.org/archiver 8697ms (cache miss)
48 silly packumentCache full:https://registry.npmjs.org/archiver set size:undefined disposed:false
49 http fetch GET 200 https://registry.npmjs.org/node-webpmux 9180ms (cache miss)
50 silly packumentCache full:https://registry.npmjs.org/node-webpmux set size:undefined disposed:false
51 http fetch GET 200 https://registry.npmjs.org/@pedroslopez%2fmoduleraid 10391ms (cache miss)
52 silly packumentCache full:https://registry.npmjs.org/@pedroslopez%2fmoduleraid set size:undefined disposed:false
53 http fetch GET 200 https://registry.npmjs.org/fluent-ffmpeg 12194ms (cache miss)
54 silly packumentCache full:https://registry.npmjs.org/fluent-ffmpeg set size:undefined disposed:false
55 http fetch GET 200 https://registry.npmjs.org/unzipper 5002ms (cache miss)
56 silly packumentCache full:https://registry.npmjs.org/unzipper set size:undefined disposed:false
57 http fetch GET 200 https://registry.npmjs.org/puppeteer 29191ms (cache miss)
58 silly packumentCache full:https://registry.npmjs.org/puppeteer set size:undefined disposed:false
59 http fetch GET 200 https://registry.npmjs.org/node-fetch 30638ms (cache miss)
60 silly packumentCache full:https://registry.npmjs.org/node-fetch set size:undefined disposed:false
61 silly fetch manifest encoding@^0.1.0
62 silly packumentCache full:https://registry.npmjs.org/encoding cache-miss
63 http fetch GET 200 https://registry.npmjs.org/encoding 2195ms (cache miss)
64 silly packumentCache full:https://registry.npmjs.org/encoding set size:undefined disposed:false
65 silly placeDep ROOT @pedroslopez/moduleraid@5.0.2 OK for: whatsapp-web.js@1.26.0 want: ^5.0.2
66 silly placeDep ROOT archiver@5.3.2 OK for: whatsapp-web.js@1.26.0 want: ^5.3.1
67 silly placeDep ROOT fluent-ffmpeg@2.1.2 OK for: whatsapp-web.js@1.26.0 want: 2.1.2
68 silly placeDep ROOT fs-extra@10.1.0 OK for: whatsapp-web.js@1.26.0 want: ^10.1.0
69 silly placeDep ROOT mime@3.0.0 OK for: whatsapp-web.js@1.26.0 want: ^3.0.0
70 silly placeDep ROOT node-fetch@2.7.0 OK for: whatsapp-web.js@1.26.0 want: ^2.6.9
71 silly placeDep ROOT node-webpmux@3.1.7 OK for: whatsapp-web.js@1.26.0 want: 3.1.7
72 silly placeDep ROOT puppeteer@18.2.1 OK for: whatsapp-web.js@1.26.0 want: ^18.2.1
73 silly placeDep ROOT unzipper@0.10.14 OK for: whatsapp-web.js@1.26.0 want: ^0.10.11
74 silly fetch manifest archiver-utils@^2.1.0
75 silly packumentCache full:https://registry.npmjs.org/archiver-utils cache-miss
76 silly fetch manifest async@^3.2.4
77 silly packumentCache full:https://registry.npmjs.org/async cache-miss
78 silly fetch manifest buffer-crc32@^0.2.1
79 silly packumentCache full:https://registry.npmjs.org/buffer-crc32 cache-miss
80 silly fetch manifest readable-stream@^3.6.0
81 silly packumentCache full:https://registry.npmjs.org/readable-stream cache-miss
82 silly fetch manifest readdir-glob@^1.1.2
83 silly packumentCache full:https://registry.npmjs.org/readdir-glob cache-miss
84 silly fetch manifest tar-stream@^2.2.0
85 silly packumentCache full:https://registry.npmjs.org/tar-stream cache-miss
86 silly fetch manifest zip-stream@^4.1.0
87 silly packumentCache full:https://registry.npmjs.org/zip-stream cache-miss
88 http fetch GET 200 https://registry.npmjs.org/readdir-glob 1168ms (cache miss)
89 silly packumentCache full:https://registry.npmjs.org/readdir-glob set size:undefined disposed:false
90 silly fetch manifest async@>=0.2.9
91 silly packumentCache full:https://registry.npmjs.org/async cache-miss
92 http fetch GET 200 https://registry.npmjs.org/archiver-utils 2078ms (cache miss)
93 silly packumentCache full:https://registry.npmjs.org/archiver-utils set size:undefined disposed:false
94 silly fetch manifest which@^1.1.1
95 silly packumentCache full:https://registry.npmjs.org/which cache-miss
96 http fetch GET 200 https://registry.npmjs.org/zip-stream 5859ms (cache miss)
97 silly packumentCache full:https://registry.npmjs.org/zip-stream set size:undefined disposed:false
98 silly fetch manifest jsonfile@^6.0.1
99 silly packumentCache full:https://registry.npmjs.org/jsonfile cache-miss
100 http fetch GET 200 https://registry.npmjs.org/async 4916ms (cache miss)
101 silly packumentCache full:https://registry.npmjs.org/async set size:undefined disposed:false
102 silly fetch manifest graceful-fs@^4.2.0
103 silly packumentCache full:https://registry.npmjs.org/graceful-fs cache-miss
104 http fetch GET 200 https://registry.npmjs.org/which 4500ms (cache miss)
105 silly packumentCache full:https://registry.npmjs.org/which set size:undefined disposed:false
106 silly fetch manifest universalify@^2.0.0
107 silly packumentCache full:https://registry.npmjs.org/universalify cache-miss
108 http fetch GET 200 https://registry.npmjs.org/jsonfile 1115ms (cache miss)
109 silly packumentCache full:https://registry.npmjs.org/jsonfile set size:undefined disposed:false
110 silly fetch manifest whatwg-url@^5.0.0
111 silly packumentCache full:https://registry.npmjs.org/whatwg-url cache-miss
112 http fetch GET 200 https://registry.npmjs.org/whatwg-url 1799ms (cache miss)
113 silly packumentCache full:https://registry.npmjs.org/whatwg-url set size:undefined disposed:false
114 silly fetch manifest progress@2.0.3
115 silly packumentCache full:https://registry.npmjs.org/progress cache-miss
116 http fetch GET 200 https://registry.npmjs.org/universalify 2808ms (cache miss)
117 silly packumentCache full:https://registry.npmjs.org/universalify set size:undefined disposed:false
118 silly fetch manifest proxy-from-env@1.1.0
119 silly packumentCache full:https://registry.npmjs.org/proxy-from-env cache-miss
120 http fetch GET 200 https://registry.npmjs.org/proxy-from-env 1205ms (cache miss)
121 silly packumentCache full:https://registry.npmjs.org/proxy-from-env set size:undefined disposed:false
122 silly fetch manifest puppeteer-core@18.2.1
123 silly packumentCache full:https://registry.npmjs.org/puppeteer-core cache-miss
124 http fetch GET 200 https://registry.npmjs.org/buffer-crc32 10772ms (cache miss)
125 silly packumentCache full:https://registry.npmjs.org/buffer-crc32 set size:undefined disposed:false
126 silly fetch manifest https-proxy-agent@5.0.1
127 silly packumentCache full:https://registry.npmjs.org/https-proxy-agent cache-miss
128 http fetch GET 200 https://registry.npmjs.org/graceful-fs 5662ms (cache miss)
129 silly packumentCache full:https://registry.npmjs.org/graceful-fs set size:undefined disposed:false
130 silly fetch manifest binary@~0.3.0
131 silly packumentCache full:https://registry.npmjs.org/binary cache-miss
132 http fetch GET 200 https://registry.npmjs.org/tar-stream 11780ms (cache miss)
133 silly packumentCache full:https://registry.npmjs.org/tar-stream set size:undefined disposed:false
134 silly fetch manifest fstream@^1.0.12
135 silly packumentCache full:https://registry.npmjs.org/fstream cache-miss
136 http fetch GET 200 https://registry.npmjs.org/binary 583ms (cache miss)
137 silly packumentCache full:https://registry.npmjs.org/binary set size:undefined disposed:false
138 silly fetch manifest bluebird@~3.4.1
139 silly packumentCache full:https://registry.npmjs.org/bluebird cache-miss
140 http fetch GET 200 https://registry.npmjs.org/readable-stream 18738ms (cache miss)
141 silly packumentCache full:https://registry.npmjs.org/readable-stream set size:undefined disposed:false
142 silly fetch manifest duplexer2@~0.1.4
143 silly packumentCache full:https://registry.npmjs.org/duplexer2 cache-miss
144 http fetch GET 200 https://registry.npmjs.org/duplexer2 1213ms (cache miss)
145 silly packumentCache full:https://registry.npmjs.org/duplexer2 set size:undefined disposed:false
146 silly fetch manifest big-integer@^1.6.17
147 silly packumentCache full:https://registry.npmjs.org/big-integer cache-miss
148 http fetch GET 200 https://registry.npmjs.org/fstream 8622ms (cache miss)
149 silly packumentCache full:https://registry.npmjs.org/fstream set size:undefined disposed:false
150 silly fetch manifest graceful-fs@^4.2.2
151 silly packumentCache full:https://registry.npmjs.org/graceful-fs cache-miss
152 http fetch GET 200 https://registry.npmjs.org/graceful-fs 38ms (cache hit)
153 silly packumentCache full:https://registry.npmjs.org/graceful-fs set size:124285 disposed:false
154 silly fetch manifest setimmediate@~1.0.4
155 silly packumentCache full:https://registry.npmjs.org/setimmediate cache-miss
156 http fetch GET 200 https://registry.npmjs.org/setimmediate 3606ms (cache miss)
157 silly packumentCache full:https://registry.npmjs.org/setimmediate set size:undefined disposed:false
158 silly fetch manifest listenercount@~1.0.1
159 silly packumentCache full:https://registry.npmjs.org/listenercount cache-miss
160 http fetch GET 200 https://registry.npmjs.org/progress 16681ms (cache miss)
161 silly packumentCache full:https://registry.npmjs.org/progress set size:undefined disposed:false
162 silly fetch manifest readable-stream@~2.3.6
163 silly packumentCache full:https://registry.npmjs.org/readable-stream cache-miss
164 http fetch GET 200 https://registry.npmjs.org/readable-stream 25ms (cache hit)
165 silly packumentCache full:https://registry.npmjs.org/readable-stream set size:272167 disposed:false
166 silly fetch manifest buffer-indexof-polyfill@~1.0.0
167 silly packumentCache full:https://registry.npmjs.org/buffer-indexof-polyfill cache-miss
168 http fetch GET 200 https://registry.npmjs.org/listenercount 1718ms (cache miss)
169 silly packumentCache full:https://registry.npmjs.org/listenercount set size:undefined disposed:false
170 http fetch GET 200 https://registry.npmjs.org/buffer-indexof-polyfill 2485ms (cache miss)
171 silly packumentCache full:https://registry.npmjs.org/buffer-indexof-polyfill set size:undefined disposed:false
172 http fetch GET 200 https://registry.npmjs.org/big-integer 14611ms (cache miss)
173 silly packumentCache full:https://registry.npmjs.org/big-integer set size:undefined disposed:false
174 http fetch GET 200 https://registry.npmjs.org/bluebird 28997ms (cache miss)
175 silly packumentCache full:https://registry.npmjs.org/bluebird set size:undefined disposed:false
176 http fetch GET 200 https://registry.npmjs.org/https-proxy-agent 37881ms (cache miss)
177 silly packumentCache full:https://registry.npmjs.org/https-proxy-agent set size:undefined disposed:false
178 http fetch GET 200 https://registry.npmjs.org/async 48920ms (cache miss)
179 silly packumentCache full:https://registry.npmjs.org/async set size:undefined disposed:false
180 http fetch GET 200 https://registry.npmjs.org/puppeteer-core 43074ms (cache miss)
181 silly packumentCache full:https://registry.npmjs.org/puppeteer-core set size:undefined disposed:false
182 silly placeDep ROOT archiver-utils@2.1.0 OK for: archiver@5.3.2 want: ^2.1.0
183 silly placeDep ROOT async@3.2.6 OK for: archiver@5.3.2 want: ^3.2.4
184 silly placeDep ROOT buffer-crc32@0.2.13 OK for: archiver@5.3.2 want: ^0.2.1
185 silly placeDep ROOT readable-stream@3.6.2 OK for: archiver@5.3.2 want: ^3.6.0
186 silly placeDep ROOT readdir-glob@1.1.3 OK for: archiver@5.3.2 want: ^1.1.2
187 silly placeDep ROOT tar-stream@2.2.0 OK for: archiver@5.3.2 want: ^2.2.0
188 silly placeDep ROOT zip-stream@4.1.1 OK for: archiver@5.3.2 want: ^4.1.0
189 silly fetch manifest glob@^7.1.4
190 silly packumentCache full:https://registry.npmjs.org/glob cache-miss
191 silly fetch manifest lazystream@^1.0.0
192 silly packumentCache full:https://registry.npmjs.org/lazystream cache-miss
193 silly fetch manifest lodash.defaults@^4.2.0
194 silly packumentCache full:https://registry.npmjs.org/lodash.defaults cache-miss
195 silly fetch manifest lodash.difference@^4.5.0
196 silly packumentCache full:https://registry.npmjs.org/lodash.difference cache-miss
197 silly fetch manifest lodash.flatten@^4.4.0
198 silly packumentCache full:https://registry.npmjs.org/lodash.flatten cache-miss
199 silly fetch manifest lodash.isplainobject@^4.0.6
200 silly packumentCache full:https://registry.npmjs.org/lodash.isplainobject cache-miss
201 silly fetch manifest lodash.union@^4.6.0
202 silly packumentCache full:https://registry.npmjs.org/lodash.union cache-miss
203 http fetch GET 200 https://registry.npmjs.org/lodash.defaults 232ms (cache miss)
204 silly packumentCache full:https://registry.npmjs.org/lodash.defaults set size:undefined disposed:false
205 silly fetch manifest normalize-path@^3.0.0
206 silly packumentCache full:https://registry.npmjs.org/normalize-path cache-miss
207 http fetch GET 200 https://registry.npmjs.org/lazystream 813ms (cache miss)
208 silly packumentCache full:https://registry.npmjs.org/lazystream set size:undefined disposed:false
209 silly fetch manifest readable-stream@^2.0.0
210 silly packumentCache full:https://registry.npmjs.org/readable-stream cache-hit
211 silly fetch manifest inherits@^2.0.3
212 silly packumentCache full:https://registry.npmjs.org/inherits cache-miss
213 http fetch GET 200 https://registry.npmjs.org/lodash.union 1200ms (cache miss)
214 silly packumentCache full:https://registry.npmjs.org/lodash.union set size:undefined disposed:false
215 silly fetch manifest string_decoder@^1.1.1
216 silly packumentCache full:https://registry.npmjs.org/string_decoder cache-miss
217 http fetch GET 200 https://registry.npmjs.org/lodash.difference 1634ms (cache miss)
218 silly packumentCache full:https://registry.npmjs.org/lodash.difference set size:undefined disposed:false
219 silly fetch manifest util-deprecate@^1.0.1
220 silly packumentCache full:https://registry.npmjs.org/util-deprecate cache-miss
221 http fetch GET 200 https://registry.npmjs.org/string_decoder 640ms (cache miss)
222 silly packumentCache full:https://registry.npmjs.org/string_decoder set size:undefined disposed:false
223 silly fetch manifest minimatch@^5.1.0
224 silly packumentCache full:https://registry.npmjs.org/minimatch cache-miss
225 http fetch GET 200 https://registry.npmjs.org/util-deprecate 280ms (cache miss)
226 silly packumentCache full:https://registry.npmjs.org/util-deprecate set size:undefined disposed:false
227 silly fetch manifest bl@^4.0.3
228 silly packumentCache full:https://registry.npmjs.org/bl cache-miss
229 http fetch GET 200 https://registry.npmjs.org/lodash.isplainobject 1963ms (cache miss)
230 silly packumentCache full:https://registry.npmjs.org/lodash.isplainobject set size:undefined disposed:false
231 silly fetch manifest end-of-stream@^1.4.1
232 silly packumentCache full:https://registry.npmjs.org/end-of-stream cache-miss
233 http fetch GET 200 https://registry.npmjs.org/end-of-stream 1239ms (cache miss)
234 silly packumentCache full:https://registry.npmjs.org/end-of-stream set size:undefined disposed:false
235 silly fetch manifest fs-constants@^1.0.0
236 silly packumentCache full:https://registry.npmjs.org/fs-constants cache-miss
237 http fetch GET 200 https://registry.npmjs.org/fs-constants 626ms (cache miss)
238 silly packumentCache full:https://registry.npmjs.org/fs-constants set size:undefined disposed:false
239 silly fetch manifest inherits@^2.0.3
240 silly packumentCache full:https://registry.npmjs.org/inherits cache-miss
241 http fetch GET 200 https://registry.npmjs.org/inherits 3838ms (cache miss)
242 silly packumentCache full:https://registry.npmjs.org/inherits set size:undefined disposed:false
243 silly fetch manifest archiver-utils@^3.0.4
244 silly packumentCache full:https://registry.npmjs.org/archiver-utils cache-miss
245 http fetch GET 200 https://registry.npmjs.org/archiver-utils 9ms (cache hit)
246 silly packumentCache full:https://registry.npmjs.org/archiver-utils set size:31398 disposed:false
247 silly fetch manifest compress-commons@^4.1.2
248 silly packumentCache full:https://registry.npmjs.org/compress-commons cache-miss
249 http fetch GET 200 https://registry.npmjs.org/bl 3499ms (cache miss)
250 silly packumentCache full:https://registry.npmjs.org/bl set size:undefined disposed:false
251 http fetch GET 200 https://registry.npmjs.org/inherits 1639ms (cache miss)
252 silly packumentCache full:https://registry.npmjs.org/inherits set size:undefined disposed:false
253 http fetch GET 200 https://registry.npmjs.org/minimatch 3870ms (cache miss)
254 silly packumentCache full:https://registry.npmjs.org/minimatch set size:undefined disposed:false
255 http fetch GET 200 https://registry.npmjs.org/compress-commons 1219ms (cache miss)
256 silly packumentCache full:https://registry.npmjs.org/compress-commons set size:undefined disposed:false
257 http fetch GET 200 https://registry.npmjs.org/lodash.flatten 6084ms (cache miss)
258 silly packumentCache full:https://registry.npmjs.org/lodash.flatten set size:undefined disposed:false
259 http fetch GET 200 https://registry.npmjs.org/normalize-path 7076ms (cache miss)
260 silly packumentCache full:https://registry.npmjs.org/normalize-path set size:undefined disposed:false
261 http fetch GET 200 https://registry.npmjs.org/glob 8561ms (cache miss)
262 silly packumentCache full:https://registry.npmjs.org/glob set size:undefined disposed:false
263 silly placeDep ROOT glob@7.2.3 OK for: archiver-utils@2.1.0 want: ^7.1.4
264 silly placeDep ROOT graceful-fs@4.2.11 OK for: archiver-utils@2.1.0 want: ^4.2.0
265 silly placeDep ROOT lazystream@1.0.1 OK for: archiver-utils@2.1.0 want: ^1.0.0
266 silly placeDep ROOT lodash.defaults@4.2.0 OK for: archiver-utils@2.1.0 want: ^4.2.0
267 silly placeDep ROOT lodash.difference@4.5.0 OK for: archiver-utils@2.1.0 want: ^4.5.0
268 silly placeDep ROOT lodash.flatten@4.4.0 OK for: archiver-utils@2.1.0 want: ^4.4.0
269 silly placeDep ROOT lodash.isplainobject@4.0.6 OK for: archiver-utils@2.1.0 want: ^4.0.6
270 silly placeDep ROOT lodash.union@4.6.0 OK for: archiver-utils@2.1.0 want: ^4.6.0
271 silly placeDep ROOT normalize-path@3.0.0 OK for: archiver-utils@2.1.0 want: ^3.0.0
272 silly placeDep node_modules/archiver-utils readable-stream@2.3.8 OK for: archiver-utils@2.1.0 want: ^2.0.0
273 silly fetch manifest once@^1.3.0
274 silly packumentCache full:https://registry.npmjs.org/once cache-miss
275 silly fetch manifest inflight@^1.0.4
276 silly packumentCache full:https://registry.npmjs.org/inflight cache-miss
277 silly fetch manifest inherits@2
278 silly packumentCache full:https://registry.npmjs.org/inherits cache-miss
279 silly fetch manifest minimatch@^3.1.1
280 silly packumentCache full:https://registry.npmjs.org/minimatch cache-miss
281 silly fetch manifest fs.realpath@^1.0.0
282 silly packumentCache full:https://registry.npmjs.org/fs.realpath cache-miss
283 silly fetch manifest path-is-absolute@^1.0.0
284 silly packumentCache full:https://registry.npmjs.org/path-is-absolute cache-miss
285 silly fetch manifest readable-stream@^2.0.5
286 silly packumentCache full:https://registry.npmjs.org/readable-stream cache-hit
287 silly fetch manifest core-util-is@~1.0.0
288 silly packumentCache full:https://registry.npmjs.org/core-util-is cache-miss
289 http fetch GET 200 https://registry.npmjs.org/inherits 38ms (cache hit)
290 silly packumentCache full:https://registry.npmjs.org/inherits set size:12925 disposed:false
291 silly fetch manifest inherits@~2.0.3
292 silly packumentCache full:https://registry.npmjs.org/inherits cache-hit
293 silly fetch manifest isarray@~1.0.0
294 silly packumentCache full:https://registry.npmjs.org/isarray cache-miss
295 http fetch GET 200 https://registry.npmjs.org/minimatch 44ms (cache hit)
296 silly packumentCache full:https://registry.npmjs.org/minimatch set size:398328 disposed:false
297 silly fetch manifest process-nextick-args@~2.0.0
298 silly packumentCache full:https://registry.npmjs.org/process-nextick-args cache-miss
299 http fetch GET 200 https://registry.npmjs.org/core-util-is 464ms (cache miss)
300 silly packumentCache full:https://registry.npmjs.org/core-util-is set size:undefined disposed:false
301 silly fetch manifest safe-buffer@~5.1.1
302 silly packumentCache full:https://registry.npmjs.org/safe-buffer cache-miss
303 http fetch GET 200 https://registry.npmjs.org/fs.realpath 575ms (cache miss)
304 silly packumentCache full:https://registry.npmjs.org/fs.realpath set size:undefined disposed:false
305 silly fetch manifest string_decoder@~1.1.1
306 silly packumentCache full:https://registry.npmjs.org/string_decoder cache-miss
307 http fetch GET 200 https://registry.npmjs.org/string_decoder 6ms (cache hit)
308 silly packumentCache full:https://registry.npmjs.org/string_decoder set size:28441 disposed:false
309 silly fetch manifest util-deprecate@~1.0.1
310 silly packumentCache full:https://registry.npmjs.org/util-deprecate cache-miss
311 http fetch GET 200 https://registry.npmjs.org/util-deprecate 6ms (cache hit)
312 silly packumentCache full:https://registry.npmjs.org/util-deprecate set size:6674 disposed:false
313 http fetch GET 200 https://registry.npmjs.org/isarray 874ms (cache miss)
314 silly packumentCache full:https://registry.npmjs.org/isarray set size:undefined disposed:false
315 http fetch GET 200 https://registry.npmjs.org/once 1298ms (cache miss)
316 silly packumentCache full:https://registry.npmjs.org/once set size:undefined disposed:false
317 http fetch GET 200 https://registry.npmjs.org/process-nextick-args 1249ms (cache miss)
318 silly packumentCache full:https://registry.npmjs.org/process-nextick-args set size:undefined disposed:false
319 http fetch GET 200 https://registry.npmjs.org/safe-buffer 1229ms (cache miss)
320 silly packumentCache full:https://registry.npmjs.org/safe-buffer set size:undefined disposed:false
321 http fetch GET 200 https://registry.npmjs.org/inflight 1717ms (cache miss)
322 silly packumentCache full:https://registry.npmjs.org/inflight set size:undefined disposed:false
323 http fetch GET 200 https://registry.npmjs.org/path-is-absolute 1795ms (cache miss)
324 silly packumentCache full:https://registry.npmjs.org/path-is-absolute set size:undefined disposed:false
325 silly placeDep ROOT which@1.3.1 OK for: fluent-ffmpeg@2.1.2 want: ^1.1.1
326 silly fetch manifest isexe@^2.0.0
327 silly packumentCache full:https://registry.npmjs.org/isexe cache-miss
328 http fetch GET 200 https://registry.npmjs.org/isexe 173ms (cache miss)
329 silly packumentCache full:https://registry.npmjs.org/isexe set size:undefined disposed:false
330 silly placeDep ROOT jsonfile@6.1.0 OK for: fs-extra@10.1.0 want: ^6.0.1
331 silly placeDep ROOT universalify@2.0.1 OK for: fs-extra@10.1.0 want: ^2.0.0
332 silly placeDep ROOT fs.realpath@1.0.0 OK for: glob@7.2.3 want: ^1.0.0
333 silly placeDep ROOT inflight@1.0.6 OK for: glob@7.2.3 want: ^1.0.4
334 silly placeDep ROOT inherits@2.0.4 OK for: glob@7.2.3 want: 2
335 silly placeDep ROOT minimatch@3.1.2 OK for: glob@7.2.3 want: ^3.1.1
336 silly placeDep ROOT once@1.4.0 OK for: glob@7.2.3 want: ^1.3.0
337 silly placeDep ROOT path-is-absolute@1.0.1 OK for: glob@7.2.3 want: ^1.0.0
338 silly fetch manifest wrappy@1
339 silly packumentCache full:https://registry.npmjs.org/wrappy cache-miss
340 silly fetch manifest brace-expansion@^1.1.7
341 silly packumentCache full:https://registry.npmjs.org/brace-expansion cache-miss
342 silly fetch manifest wrappy@1
343 silly packumentCache full:https://registry.npmjs.org/wrappy cache-miss
344 http fetch GET 200 https://registry.npmjs.org/brace-expansion 1829ms (cache miss)
345 silly packumentCache full:https://registry.npmjs.org/brace-expansion set size:undefined disposed:false
346 http fetch GET 200 https://registry.npmjs.org/wrappy 3072ms (cache miss)
347 silly packumentCache full:https://registry.npmjs.org/wrappy set size:undefined disposed:false
348 http fetch GET 200 https://registry.npmjs.org/wrappy 3354ms (cache miss)
349 silly packumentCache full:https://registry.npmjs.org/wrappy set size:undefined disposed:false
350 silly placeDep ROOT wrappy@1.0.2 OK for: inflight@1.0.6 want: 1
351 silly placeDep node_modules/lazystream readable-stream@2.3.8 OK for: lazystream@1.0.1 want: ^2.0.5
352 silly placeDep ROOT brace-expansion@1.1.11 OK for: minimatch@3.1.2 want: ^1.1.7
353 silly fetch manifest balanced-match@^1.0.0
354 silly packumentCache full:https://registry.npmjs.org/balanced-match cache-miss
355 silly fetch manifest concat-map@0.0.1
356 silly packumentCache full:https://registry.npmjs.org/concat-map cache-miss
357 http fetch GET 200 https://registry.npmjs.org/balanced-match 1090ms (cache miss)
358 silly packumentCache full:https://registry.npmjs.org/balanced-match set size:undefined disposed:false
359 http fetch GET 200 https://registry.npmjs.org/concat-map 1746ms (cache miss)
360 silly packumentCache full:https://registry.npmjs.org/concat-map set size:undefined disposed:false
361 silly placeDep ROOT balanced-match@1.0.2 OK for: brace-expansion@1.1.11 want: ^1.0.0
362 silly placeDep ROOT concat-map@0.0.1 OK for: brace-expansion@1.1.11 want: 0.0.1
363 silly placeDep ROOT whatwg-url@5.0.0 OK for: node-fetch@2.7.0 want: ^5.0.0
364 silly fetch manifest tr46@~0.0.3
365 silly packumentCache full:https://registry.npmjs.org/tr46 cache-miss
366 silly fetch manifest webidl-conversions@^3.0.0
367 silly packumentCache full:https://registry.npmjs.org/webidl-conversions cache-miss
368 http fetch GET 200 https://registry.npmjs.org/tr46 7655ms (cache miss)
369 silly packumentCache full:https://registry.npmjs.org/tr46 set size:undefined disposed:false
370 http fetch GET 200 https://registry.npmjs.org/webidl-conversions 9730ms (cache miss)
371 silly packumentCache full:https://registry.npmjs.org/webidl-conversions set size:undefined disposed:false
372 silly placeDep ROOT https-proxy-agent@5.0.1 OK for: puppeteer@18.2.1 want: 5.0.1
373 silly placeDep ROOT progress@2.0.3 OK for: puppeteer@18.2.1 want: 2.0.3
374 silly placeDep ROOT proxy-from-env@1.1.0 OK for: puppeteer@18.2.1 want: 1.1.0
375 silly placeDep ROOT puppeteer-core@18.2.1 OK for: puppeteer@18.2.1 want: 18.2.1
376 silly fetch manifest debug@4
377 silly packumentCache full:https://registry.npmjs.org/debug cache-miss
378 silly fetch manifest agent-base@6
379 silly packumentCache full:https://registry.npmjs.org/agent-base cache-miss
380 silly fetch manifest ws@8.9.0
381 silly packumentCache full:https://registry.npmjs.org/ws cache-miss
382 silly fetch manifest debug@4.3.4
383 silly packumentCache full:https://registry.npmjs.org/debug cache-miss
384 silly fetch manifest rimraf@3.0.2
385 silly packumentCache full:https://registry.npmjs.org/rimraf cache-miss
386 silly fetch manifest tar-fs@2.1.1
387 silly packumentCache full:https://registry.npmjs.org/tar-fs cache-miss
388 silly fetch manifest cross-fetch@3.1.5
389 silly packumentCache full:https://registry.npmjs.org/cross-fetch cache-miss
390 http fetch GET 200 https://registry.npmjs.org/agent-base 1948ms (cache miss)
391 silly packumentCache full:https://registry.npmjs.org/agent-base set size:undefined disposed:false
392 silly fetch manifest extract-zip@2.0.1
393 silly packumentCache full:https://registry.npmjs.org/extract-zip cache-miss
394 http fetch GET 200 https://registry.npmjs.org/cross-fetch 2645ms (cache miss)
395 silly packumentCache full:https://registry.npmjs.org/cross-fetch set size:undefined disposed:false
396 silly fetch manifest unbzip2-stream@1.4.3
397 silly packumentCache full:https://registry.npmjs.org/unbzip2-stream cache-miss
398 http fetch GET 200 https://registry.npmjs.org/unbzip2-stream 1258ms (cache miss)
399 silly packumentCache full:https://registry.npmjs.org/unbzip2-stream set size:undefined disposed:false
400 silly fetch manifest devtools-protocol@0.0.1045489
401 silly packumentCache full:https://registry.npmjs.org/devtools-protocol cache-miss
402 http fetch GET 200 https://registry.npmjs.org/extract-zip 3199ms (cache miss)
403 silly packumentCache full:https://registry.npmjs.org/extract-zip set size:undefined disposed:false
404 http fetch GET 200 https://registry.npmjs.org/rimraf 6292ms (cache miss)
405 silly packumentCache full:https://registry.npmjs.org/rimraf set size:undefined disposed:false
