0 verbose cli /data/data/com.termux/files/usr/bin/node /data/data/com.termux/files/usr/bin/npm
1 info using npm@10.8.2
2 info using node@v22.8.0
3 silly config load:file:/data/data/com.termux/files/usr/lib/node_modules/npm/npmrc
4 silly config load:file:/data/data/com.termux/files/home/whatsapp-bot/.npmrc
5 silly config load:file:/data/data/com.termux/files/home/.npmrc
6 silly config load:file:/data/data/com.termux/files/usr/etc/npmrc
7 verbose title npm install whatsapp-web.js qrcode-terminal
8 verbose argv "install" "whatsapp-web.js" "qrcode-terminal"
9 verbose logfile logs-max:10 dir:/data/data/com.termux/files/home/.npm/_logs/2024-11-28T11_45_25_325Z-
10 verbose logfile /data/data/com.termux/files/home/.npm/_logs/2024-11-28T11_45_25_325Z-debug-0.log
11 silly packumentCache heap:1098907648 maxSize:274726912 maxEntrySize:137363456
12 silly logfile start cleaning logs, removing 1 files
13 silly logfile done cleaning log files
14 silly idealTree buildDeps
15 silly fetch manifest whatsapp-web.js@*
16 silly packumentCache full:https://registry.npmjs.org/whatsapp-web.js cache-miss
17 http fetch GET 200 https://registry.npmjs.org/whatsapp-web.js 81ms (cache hit)
18 silly packumentCache full:https://registry.npmjs.org/whatsapp-web.js set size:296093 disposed:false
19 silly fetch manifest qrcode-terminal@*
20 silly packumentCache full:https://registry.npmjs.org/qrcode-terminal cache-miss
21 http fetch GET 200 https://registry.npmjs.org/qrcode-terminal 27ms (cache hit)
22 silly packumentCache full:https://registry.npmjs.org/qrcode-terminal set size:29799 disposed:false
23 silly placeDep ROOT qrcode-terminal@0.12.0 OK for: whatsapp-bot@1.0.0 want: *
24 silly placeDep ROOT whatsapp-web.js@1.26.0 OK for: whatsapp-bot@1.0.0 want: *
25 silly fetch manifest mime@^3.0.0
26 silly packumentCache full:https://registry.npmjs.org/mime cache-miss
27 silly fetch manifest puppeteer@^18.2.1
28 silly packumentCache full:https://registry.npmjs.org/puppeteer cache-miss
29 silly fetch manifest node-fetch@^2.6.9
30 silly packumentCache full:https://registry.npmjs.org/node-fetch cache-miss
31 silly fetch manifest node-webpmux@3.1.7
32 silly packumentCache full:https://registry.npmjs.org/node-webpmux cache-miss
33 silly fetch manifest fluent-ffmpeg@2.1.2
34 silly packumentCache full:https://registry.npmjs.org/fluent-ffmpeg cache-miss
35 silly fetch manifest @pedroslopez/moduleraid@^5.0.2
36 silly packumentCache full:https://registry.npmjs.org/@pedroslopez%2fmoduleraid cache-miss
37 silly fetch manifest archiver@^5.3.1
38 silly packumentCache full:https://registry.npmjs.org/archiver cache-miss
39 http fetch GET 200 https://registry.npmjs.org/mime 90ms (cache hit)
40 silly packumentCache full:https://registry.npmjs.org/mime set size:119814 disposed:false
41 silly fetch manifest fs-extra@^10.1.0
42 silly packumentCache full:https://registry.npmjs.org/fs-extra cache-miss
43 http fetch GET 200 https://registry.npmjs.org/archiver 91ms (cache hit)
44 silly packumentCache full:https://registry.npmjs.org/archiver set size:167796 disposed:false
45 silly fetch manifest unzipper@^0.10.11
46 silly packumentCache full:https://registry.npmjs.org/unzipper cache-miss
47 http fetch GET 200 https://registry.npmjs.org/node-webpmux 118ms (cache hit)
48 silly packumentCache full:https://registry.npmjs.org/node-webpmux set size:76304 disposed:false
49 http fetch GET 200 https://registry.npmjs.org/fluent-ffmpeg 122ms (cache hit)
50 silly packumentCache full:https://registry.npmjs.org/fluent-ffmpeg set size:129616 disposed:false
51 http fetch GET 200 https://registry.npmjs.org/node-fetch 153ms (cache hit)
52 silly packumentCache full:https://registry.npmjs.org/node-fetch set size:896010 disposed:false
53 http fetch GET 200 https://registry.npmjs.org/puppeteer 211ms (cache hit)
54 silly packumentCache full:https://registry.npmjs.org/puppeteer set size:3703341 disposed:false
55 http fetch GET 200 https://registry.npmjs.org/@pedroslopez%2fmoduleraid 336ms (cache hit)
56 silly packumentCache full:https://registry.npmjs.org/@pedroslopez%2fmoduleraid set size:14362 disposed:false
57 http fetch GET 200 https://registry.npmjs.org/fs-extra 279ms (cache hit)
58 silly packumentCache full:https://registry.npmjs.org/fs-extra set size:220803 disposed:false
59 http fetch GET 200 https://registry.npmjs.org/unzipper 277ms (cache hit)
60 silly packumentCache full:https://registry.npmjs.org/unzipper set size:200770 disposed:false
61 silly fetch manifest encoding@^0.1.0
62 silly packumentCache full:https://registry.npmjs.org/encoding cache-miss
63 http fetch GET 200 https://registry.npmjs.org/encoding 13ms (cache hit)
64 silly packumentCache full:https://registry.npmjs.org/encoding set size:17833 disposed:false
65 silly placeDep ROOT @pedroslopez/moduleraid@5.0.2 OK for: whatsapp-web.js@1.26.0 want: ^5.0.2
66 silly placeDep ROOT archiver@5.3.2 OK for: whatsapp-web.js@1.26.0 want: ^5.3.1
67 silly placeDep ROOT fluent-ffmpeg@2.1.2 OK for: whatsapp-web.js@1.26.0 want: 2.1.2
68 silly placeDep ROOT fs-extra@10.1.0 OK for: whatsapp-web.js@1.26.0 want: ^10.1.0
69 silly placeDep ROOT mime@3.0.0 OK for: whatsapp-web.js@1.26.0 want: ^3.0.0
70 silly placeDep ROOT node-fetch@2.7.0 OK for: whatsapp-web.js@1.26.0 want: ^2.6.9
71 silly placeDep ROOT node-webpmux@3.1.7 OK for: whatsapp-web.js@1.26.0 want: 3.1.7
72 silly placeDep ROOT puppeteer@18.2.1 OK for: whatsapp-web.js@1.26.0 want: ^18.2.1
73 silly placeDep ROOT unzipper@0.10.14 OK for: whatsapp-web.js@1.26.0 want: ^0.10.11
74 silly fetch manifest archiver-utils@^2.1.0
75 silly packumentCache full:https://registry.npmjs.org/archiver-utils cache-miss
76 silly fetch manifest async@^3.2.4
77 silly packumentCache full:https://registry.npmjs.org/async cache-miss
78 silly fetch manifest buffer-crc32@^0.2.1
79 silly packumentCache full:https://registry.npmjs.org/buffer-crc32 cache-miss
80 silly fetch manifest readable-stream@^3.6.0
81 silly packumentCache full:https://registry.npmjs.org/readable-stream cache-miss
82 silly fetch manifest readdir-glob@^1.1.2
83 silly packumentCache full:https://registry.npmjs.org/readdir-glob cache-miss
84 silly fetch manifest tar-stream@^2.2.0
85 silly packumentCache full:https://registry.npmjs.org/tar-stream cache-miss
86 silly fetch manifest zip-stream@^4.1.0
87 silly packumentCache full:https://registry.npmjs.org/zip-stream cache-miss
88 http fetch GET 200 https://registry.npmjs.org/archiver-utils 46ms (cache hit)
89 silly packumentCache full:https://registry.npmjs.org/archiver-utils set size:31398 disposed:false
90 silly fetch manifest async@>=0.2.9
91 silly packumentCache full:https://registry.npmjs.org/async cache-miss
92 http fetch GET 200 https://registry.npmjs.org/async 53ms (cache hit)
93 silly packumentCache full:https://registry.npmjs.org/async set size:230496 disposed:false
94 silly fetch manifest which@^1.1.1
95 silly packumentCache full:https://registry.npmjs.org/which cache-miss
96 http fetch GET 200 https://registry.npmjs.org/buffer-crc32 69ms (cache hit)
97 silly packumentCache full:https://registry.npmjs.org/buffer-crc32 set size:58100 disposed:false
98 silly fetch manifest jsonfile@^6.0.1
99 silly packumentCache full:https://registry.npmjs.org/jsonfile cache-miss
100 http fetch GET 200 https://registry.npmjs.org/readable-stream 80ms (cache hit)
101 silly packumentCache full:https://registry.npmjs.org/readable-stream set size:272167 disposed:false
102 silly fetch manifest graceful-fs@^4.2.0
103 silly packumentCache full:https://registry.npmjs.org/graceful-fs cache-miss
104 http fetch GET 200 https://registry.npmjs.org/zip-stream 101ms (cache hit)
105 silly packumentCache full:https://registry.npmjs.org/zip-stream set size:105423 disposed:false
106 silly fetch manifest universalify@^2.0.0
107 silly packumentCache full:https://registry.npmjs.org/universalify cache-miss
108 http fetch GET 200 https://registry.npmjs.org/readdir-glob 114ms (cache hit)
109 silly packumentCache full:https://registry.npmjs.org/readdir-glob set size:23224 disposed:false
110 silly fetch manifest whatwg-url@^5.0.0
111 silly packumentCache full:https://registry.npmjs.org/whatwg-url cache-miss
112 http fetch GET 200 https://registry.npmjs.org/tar-stream 120ms (cache hit)
113 silly packumentCache full:https://registry.npmjs.org/tar-stream set size:132366 disposed:false
114 silly fetch manifest progress@2.0.3
115 silly packumentCache full:https://registry.npmjs.org/progress cache-miss
116 http fetch GET 200 https://registry.npmjs.org/async 113ms (cache hit)
117 silly packumentCache full:https://registry.npmjs.org/async set size:230496 disposed:false
118 silly packumentCache full:https://registry.npmjs.org/async dispose
119 silly fetch manifest proxy-from-env@1.1.0
120 silly packumentCache full:https://registry.npmjs.org/proxy-from-env cache-miss
121 http fetch GET 200 https://registry.npmjs.org/which 108ms (cache hit)
122 silly packumentCache full:https://registry.npmjs.org/which set size:62712 disposed:false
123 silly fetch manifest puppeteer-core@18.2.1
124 silly packumentCache full:https://registry.npmjs.org/puppeteer-core cache-miss
125 http fetch GET 200 https://registry.npmjs.org/graceful-fs 92ms (cache hit)
126 silly packumentCache full:https://registry.npmjs.org/graceful-fs set size:124285 disposed:false
127 silly fetch manifest https-proxy-agent@5.0.1
128 silly packumentCache full:https://registry.npmjs.org/https-proxy-agent cache-miss
129 http fetch GET 200 https://registry.npmjs.org/universalify 111ms (cache hit)
130 silly packumentCache full:https://registry.npmjs.org/universalify set size:19431 disposed:false
131 silly fetch manifest binary@~0.3.0
132 silly packumentCache full:https://registry.npmjs.org/binary cache-miss
133 http fetch GET 200 https://registry.npmjs.org/progress 126ms (cache hit)
134 silly packumentCache full:https://registry.npmjs.org/progress set size:34123 disposed:false
135 silly fetch manifest fstream@^1.0.12
136 silly packumentCache full:https://registry.npmjs.org/fstream cache-miss
137 http fetch GET 200 https://registry.npmjs.org/jsonfile 190ms (cache hit)
138 silly packumentCache full:https://registry.npmjs.org/jsonfile set size:49739 disposed:false
139 silly fetch manifest bluebird@~3.4.1
140 silly packumentCache full:https://registry.npmjs.org/bluebird cache-miss
141 http fetch GET 200 https://registry.npmjs.org/whatwg-url 154ms (cache hit)
142 silly packumentCache full:https://registry.npmjs.org/whatwg-url set size:153452 disposed:false
143 silly fetch manifest duplexer2@~0.1.4
144 silly packumentCache full:https://registry.npmjs.org/duplexer2 cache-miss
145 http fetch GET 200 https://registry.npmjs.org/puppeteer-core 148ms (cache hit)
146 silly packumentCache full:https://registry.npmjs.org/puppeteer-core set size:1167900 disposed:false
147 silly fetch manifest big-integer@^1.6.17
148 silly packumentCache full:https://registry.npmjs.org/big-integer cache-miss
149 http fetch GET 200 https://registry.npmjs.org/https-proxy-agent 170ms (cache hit)
150 silly packumentCache full:https://registry.npmjs.org/https-proxy-agent set size:73945 disposed:false
151 silly fetch manifest graceful-fs@^4.2.2
152 silly packumentCache full:https://registry.npmjs.org/graceful-fs cache-hit
153 silly fetch manifest setimmediate@~1.0.4
154 silly packumentCache full:https://registry.npmjs.org/setimmediate cache-miss
155 http fetch GET 200 https://registry.npmjs.org/binary 139ms (cache hit)
156 silly packumentCache full:https://registry.npmjs.org/binary set size:29229 disposed:false
157 silly fetch manifest listenercount@~1.0.1
158 silly packumentCache full:https://registry.npmjs.org/listenercount cache-miss
159 http fetch GET 200 https://registry.npmjs.org/proxy-from-env 220ms (cache hit)
160 silly packumentCache full:https://registry.npmjs.org/proxy-from-env set size:15831 disposed:false
161 silly fetch manifest readable-stream@~2.3.6
162 silly packumentCache full:https://registry.npmjs.org/readable-stream cache-hit
163 silly fetch manifest buffer-indexof-polyfill@~1.0.0
164 silly packumentCache full:https://registry.npmjs.org/buffer-indexof-polyfill cache-miss
165 http fetch GET 200 https://registry.npmjs.org/fstream 136ms (cache hit)
166 silly packumentCache full:https://registry.npmjs.org/fstream set size:65648 disposed:false
167 http fetch GET 200 https://registry.npmjs.org/duplexer2 122ms (cache hit)
168 silly packumentCache full:https://registry.npmjs.org/duplexer2 set size:15068 disposed:false
169 http fetch GET 200 https://registry.npmjs.org/bluebird 142ms (cache hit)
170 silly packumentCache full:https://registry.npmjs.org/bluebird set size:491022 disposed:false
171 http fetch GET 200 https://registry.npmjs.org/big-integer 95ms (cache hit)
172 silly packumentCache full:https://registry.npmjs.org/big-integer set size:205433 disposed:false
173 http fetch GET 200 https://registry.npmjs.org/setimmediate 93ms (cache hit)
174 silly packumentCache full:https://registry.npmjs.org/setimmediate set size:17282 disposed:false
175 http fetch GET 200 https://registry.npmjs.org/listenercount 88ms (cache hit)
176 silly packumentCache full:https://registry.npmjs.org/listenercount set size:5073 disposed:false
177 http fetch GET 200 https://registry.npmjs.org/buffer-indexof-polyfill 82ms (cache hit)
178 silly packumentCache full:https://registry.npmjs.org/buffer-indexof-polyfill set size:7477 disposed:false
179 silly placeDep ROOT archiver-utils@2.1.0 OK for: archiver@5.3.2 want: ^2.1.0
180 silly placeDep ROOT async@3.2.6 OK for: archiver@5.3.2 want: ^3.2.4
181 silly placeDep ROOT buffer-crc32@0.2.13 OK for: archiver@5.3.2 want: ^0.2.1
182 silly placeDep ROOT readable-stream@3.6.2 OK for: archiver@5.3.2 want: ^3.6.0
183 silly placeDep ROOT readdir-glob@1.1.3 OK for: archiver@5.3.2 want: ^1.1.2
184 silly placeDep ROOT tar-stream@2.2.0 OK for: archiver@5.3.2 want: ^2.2.0
185 silly placeDep ROOT zip-stream@4.1.1 OK for: archiver@5.3.2 want: ^4.1.0
186 silly fetch manifest glob@^7.1.4
187 silly packumentCache full:https://registry.npmjs.org/glob cache-miss
188 silly fetch manifest lazystream@^1.0.0
189 silly packumentCache full:https://registry.npmjs.org/lazystream cache-miss
190 silly fetch manifest lodash.defaults@^4.2.0
191 silly packumentCache full:https://registry.npmjs.org/lodash.defaults cache-miss
192 silly fetch manifest lodash.difference@^4.5.0
193 silly packumentCache full:https://registry.npmjs.org/lodash.difference cache-miss
194 silly fetch manifest lodash.flatten@^4.4.0
195 silly packumentCache full:https://registry.npmjs.org/lodash.flatten cache-miss
196 silly fetch manifest lodash.isplainobject@^4.0.6
197 silly packumentCache full:https://registry.npmjs.org/lodash.isplainobject cache-miss
198 silly fetch manifest lodash.union@^4.6.0
199 silly packumentCache full:https://registry.npmjs.org/lodash.union cache-miss
200 http fetch GET 200 https://registry.npmjs.org/lodash.flatten 44ms (cache hit)
201 silly packumentCache full:https://registry.npmjs.org/lodash.flatten set size:31741 disposed:false
202 silly fetch manifest normalize-path@^3.0.0
203 silly packumentCache full:https://registry.npmjs.org/normalize-path cache-miss
204 http fetch GET 200 https://registry.npmjs.org/lazystream 56ms (cache hit)
205 silly packumentCache full:https://registry.npmjs.org/lazystream set size:14342 disposed:false
206 silly fetch manifest readable-stream@^2.0.0
207 silly packumentCache full:https://registry.npmjs.org/readable-stream cache-hit
208 silly fetch manifest inherits@^2.0.3
209 silly packumentCache full:https://registry.npmjs.org/inherits cache-miss
210 http fetch GET 200 https://registry.npmjs.org/glob 70ms (cache hit)
211 silly packumentCache full:https://registry.npmjs.org/glob set size:430869 disposed:false
212 silly fetch manifest string_decoder@^1.1.1
213 silly packumentCache full:https://registry.npmjs.org/string_decoder cache-miss
214 http fetch GET 200 https://registry.npmjs.org/lodash.isplainobject 83ms (cache hit)
215 silly packumentCache full:https://registry.npmjs.org/lodash.isplainobject set size:38531 disposed:false
216 silly fetch manifest util-deprecate@^1.0.1
217 silly packumentCache full:https://registry.npmjs.org/util-deprecate cache-miss
218 http fetch GET 200 https://registry.npmjs.org/lodash.defaults 95ms (cache hit)
219 silly packumentCache full:https://registry.npmjs.org/lodash.defaults set size:30178 disposed:false
220 silly fetch manifest minimatch@^5.1.0
221 silly packumentCache full:https://registry.npmjs.org/minimatch cache-miss
222 http fetch GET 200 https://registry.npmjs.org/lodash.difference 100ms (cache hit)
223 silly packumentCache full:https://registry.npmjs.org/lodash.difference set size:47748 disposed:false
224 silly fetch manifest bl@^4.0.3
225 silly packumentCache full:https://registry.npmjs.org/bl cache-miss
226 http fetch GET 200 https://registry.npmjs.org/lodash.union 100ms (cache hit)
227 silly packumentCache full:https://registry.npmjs.org/lodash.union set size:39916 disposed:false
228 silly fetch manifest end-of-stream@^1.4.1
229 silly packumentCache full:https://registry.npmjs.org/end-of-stream cache-miss
230 http fetch GET 200 https://registry.npmjs.org/string_decoder 58ms (cache hit)
231 silly packumentCache full:https://registry.npmjs.org/string_decoder set size:28441 disposed:false
232 silly fetch manifest fs-constants@^1.0.0
233 silly packumentCache full:https://registry.npmjs.org/fs-constants cache-miss
234 http fetch GET 200 https://registry.npmjs.org/inherits 88ms (cache hit)
235 silly packumentCache full:https://registry.npmjs.org/inherits set size:12925 disposed:false
236 silly fetch manifest archiver-utils@^3.0.4
237 silly packumentCache full:https://registry.npmjs.org/archiver-utils cache-hit
238 silly fetch manifest compress-commons@^4.1.2
239 silly packumentCache full:https://registry.npmjs.org/compress-commons cache-miss
240 http fetch GET 200 https://registry.npmjs.org/normalize-path 105ms (cache hit)
241 silly packumentCache full:https://registry.npmjs.org/normalize-path set size:28713 disposed:false
242 http fetch GET 200 https://registry.npmjs.org/end-of-stream 48ms (cache hit)
243 silly packumentCache full:https://registry.npmjs.org/end-of-stream set size:26267 disposed:false
244 http fetch GET 200 https://registry.npmjs.org/minimatch 75ms (cache hit)
245 silly packumentCache full:https://registry.npmjs.org/minimatch set size:398328 disposed:false
246 http fetch GET 200 https://registry.npmjs.org/util-deprecate 98ms (cache hit)
247 silly packumentCache full:https://registry.npmjs.org/util-deprecate set size:6674 disposed:false
248 http fetch GET 200 https://registry.npmjs.org/bl 88ms (cache hit)
249 silly packumentCache full:https://registry.npmjs.org/bl set size:156609 disposed:false
250 http fetch GET 200 https://registry.npmjs.org/fs-constants 69ms (cache hit)
251 silly packumentCache full:https://registry.npmjs.org/fs-constants set size:3522 disposed:false
252 http fetch GET 200 https://registry.npmjs.org/compress-commons 65ms (cache hit)
253 silly packumentCache full:https://registry.npmjs.org/compress-commons set size:89263 disposed:false
254 silly placeDep ROOT glob@7.2.3 OK for: archiver-utils@2.1.0 want: ^7.1.4
255 silly placeDep ROOT graceful-fs@4.2.11 OK for: archiver-utils@2.1.0 want: ^4.2.0
256 silly placeDep ROOT lazystream@1.0.1 OK for: archiver-utils@2.1.0 want: ^1.0.0
257 silly placeDep ROOT lodash.defaults@4.2.0 OK for: archiver-utils@2.1.0 want: ^4.2.0
258 silly placeDep ROOT lodash.difference@4.5.0 OK for: archiver-utils@2.1.0 want: ^4.5.0
259 silly placeDep ROOT lodash.flatten@4.4.0 OK for: archiver-utils@2.1.0 want: ^4.4.0
260 silly placeDep ROOT lodash.isplainobject@4.0.6 OK for: archiver-utils@2.1.0 want: ^4.0.6
261 silly placeDep ROOT lodash.union@4.6.0 OK for: archiver-utils@2.1.0 want: ^4.6.0
262 silly placeDep ROOT normalize-path@3.0.0 OK for: archiver-utils@2.1.0 want: ^3.0.0
263 silly placeDep node_modules/archiver-utils readable-stream@2.3.8 OK for: archiver-utils@2.1.0 want: ^2.0.0
264 silly fetch manifest once@^1.3.0
265 silly packumentCache full:https://registry.npmjs.org/once cache-miss
266 silly fetch manifest inflight@^1.0.4
267 silly packumentCache full:https://registry.npmjs.org/inflight cache-miss
268 silly fetch manifest inherits@2
269 silly packumentCache full:https://registry.npmjs.org/inherits cache-hit
270 silly fetch manifest minimatch@^3.1.1
271 silly packumentCache full:https://registry.npmjs.org/minimatch cache-hit
272 silly fetch manifest fs.realpath@^1.0.0
273 silly packumentCache full:https://registry.npmjs.org/fs.realpath cache-miss
274 silly fetch manifest path-is-absolute@^1.0.0
275 silly packumentCache full:https://registry.npmjs.org/path-is-absolute cache-miss
276 silly fetch manifest readable-stream@^2.0.5
277 silly packumentCache full:https://registry.npmjs.org/readable-stream cache-hit
278 silly fetch manifest core-util-is@~1.0.0
279 silly packumentCache full:https://registry.npmjs.org/core-util-is cache-miss
280 silly fetch manifest inherits@~2.0.3
281 silly packumentCache full:https://registry.npmjs.org/inherits cache-hit
282 silly fetch manifest isarray@~1.0.0
283 silly packumentCache full:https://registry.npmjs.org/isarray cache-miss
284 silly fetch manifest process-nextick-args@~2.0.0
285 silly packumentCache full:https://registry.npmjs.org/process-nextick-args cache-miss
286 http fetch GET 200 https://registry.npmjs.org/once 62ms (cache hit)
287 silly packumentCache full:https://registry.npmjs.org/once set size:11768 disposed:false
288 silly fetch manifest safe-buffer@~5.1.1
289 silly packumentCache full:https://registry.npmjs.org/safe-buffer cache-miss
290 http fetch GET 200 https://registry.npmjs.org/fs.realpath 63ms (cache hit)
291 silly packumentCache full:https://registry.npmjs.org/fs.realpath set size:4806 disposed:false
292 silly fetch manifest string_decoder@~1.1.1
293 silly packumentCache full:https://registry.npmjs.org/string_decoder cache-hit
294 silly fetch manifest util-deprecate@~1.0.1
295 silly packumentCache full:https://registry.npmjs.org/util-deprecate cache-hit
296 http fetch GET 200 https://registry.npmjs.org/isarray 55ms (cache hit)
297 silly packumentCache full:https://registry.npmjs.org/isarray set size:17392 disposed:false
298 http fetch GET 200 https://registry.npmjs.org/core-util-is 60ms (cache hit)
299 silly packumentCache full:https://registry.npmjs.org/core-util-is set size:7163 disposed:false
300 http fetch GET 200 https://registry.npmjs.org/inflight 80ms (cache hit)
301 silly packumentCache full:https://registry.npmjs.org/inflight set size:13140 disposed:false
302 http fetch GET 200 https://registry.npmjs.org/process-nextick-args 60ms (cache hit)
303 silly packumentCache full:https://registry.npmjs.org/process-nextick-args set size:15428 disposed:false
304 http fetch GET 200 https://registry.npmjs.org/path-is-absolute 85ms (cache hit)
305 silly packumentCache full:https://registry.npmjs.org/path-is-absolute set size:8253 disposed:false
306 http fetch GET 200 https://registry.npmjs.org/safe-buffer 37ms (cache hit)
307 silly packumentCache full:https://registry.npmjs.org/safe-buffer set size:41183 disposed:false
308 silly placeDep ROOT which@1.3.1 OK for: fluent-ffmpeg@2.1.2 want: ^1.1.1
309 silly fetch manifest isexe@^2.0.0
310 silly packumentCache full:https://registry.npmjs.org/isexe cache-miss
311 http fetch GET 200 https://registry.npmjs.org/isexe 17ms (cache hit)
312 silly packumentCache full:https://registry.npmjs.org/isexe set size:19340 disposed:false
313 silly placeDep ROOT jsonfile@6.1.0 OK for: fs-extra@10.1.0 want: ^6.0.1
314 silly placeDep ROOT universalify@2.0.1 OK for: fs-extra@10.1.0 want: ^2.0.0
315 silly placeDep ROOT fs.realpath@1.0.0 OK for: glob@7.2.3 want: ^1.0.0
316 silly placeDep ROOT inflight@1.0.6 OK for: glob@7.2.3 want: ^1.0.4
317 silly placeDep ROOT inherits@2.0.4 OK for: glob@7.2.3 want: 2
318 silly placeDep ROOT minimatch@3.1.2 OK for: glob@7.2.3 want: ^3.1.1
319 silly placeDep ROOT once@1.4.0 OK for: glob@7.2.3 want: ^1.3.0
320 silly placeDep ROOT path-is-absolute@1.0.1 OK for: glob@7.2.3 want: ^1.0.0
321 silly fetch manifest wrappy@1
322 silly packumentCache full:https://registry.npmjs.org/wrappy cache-miss
323 silly fetch manifest brace-expansion@^1.1.7
324 silly packumentCache full:https://registry.npmjs.org/brace-expansion cache-miss
325 silly fetch manifest wrappy@1
326 silly packumentCache full:https://registry.npmjs.org/wrappy cache-miss
327 http fetch GET 200 https://registry.npmjs.org/wrappy 22ms (cache hit)
328 silly packumentCache full:https://registry.npmjs.org/wrappy set size:7682 disposed:false
329 http fetch GET 200 https://registry.npmjs.org/wrappy 22ms (cache hit)
330 silly packumentCache full:https://registry.npmjs.org/wrappy set size:7682 disposed:false
331 silly packumentCache full:https://registry.npmjs.org/wrappy dispose
332 http fetch GET 200 https://registry.npmjs.org/brace-expansion 26ms (cache hit)
333 silly packumentCache full:https://registry.npmjs.org/brace-expansion set size:42345 disposed:false
334 silly placeDep ROOT wrappy@1.0.2 OK for: inflight@1.0.6 want: 1
335 silly placeDep node_modules/lazystream readable-stream@2.3.8 OK for: lazystream@1.0.1 want: ^2.0.5
336 silly placeDep ROOT brace-expansion@1.1.11 OK for: minimatch@3.1.2 want: ^1.1.7
337 silly fetch manifest balanced-match@^1.0.0
338 silly packumentCache full:https://registry.npmjs.org/balanced-match cache-miss
339 silly fetch manifest concat-map@0.0.1
340 silly packumentCache full:https://registry.npmjs.org/concat-map cache-miss
341 http fetch GET 200 https://registry.npmjs.org/concat-map 19ms (cache hit)
342 silly packumentCache full:https://registry.npmjs.org/concat-map set size:9290 disposed:false
343 http fetch GET 200 https://registry.npmjs.org/balanced-match 26ms (cache hit)
344 silly packumentCache full:https://registry.npmjs.org/balanced-match set size:33860 disposed:false
345 silly placeDep ROOT balanced-match@1.0.2 OK for: brace-expansion@1.1.11 want: ^1.0.0
346 silly placeDep ROOT concat-map@0.0.1 OK for: brace-expansion@1.1.11 want: 0.0.1
347 silly placeDep ROOT whatwg-url@5.0.0 OK for: node-fetch@2.7.0 want: ^5.0.0
348 silly fetch manifest tr46@~0.0.3
349 silly packumentCache full:https://registry.npmjs.org/tr46 cache-miss
350 silly fetch manifest webidl-conversions@^3.0.0
351 silly packumentCache full:https://registry.npmjs.org/webidl-conversions cache-miss
352 http fetch GET 200 https://registry.npmjs.org/tr46 17ms (cache hit)
353 silly packumentCache full:https://registry.npmjs.org/tr46 set size:41044 disposed:false
354 http fetch GET 200 https://registry.npmjs.org/webidl-conversions 20ms (cache hit)
355 silly packumentCache full:https://registry.npmjs.org/webidl-conversions set size:41857 disposed:false
356 silly placeDep ROOT https-proxy-agent@5.0.1 OK for: puppeteer@18.2.1 want: 5.0.1
357 silly placeDep ROOT progress@2.0.3 OK for: puppeteer@18.2.1 want: 2.0.3
358 silly placeDep ROOT proxy-from-env@1.1.0 OK for: puppeteer@18.2.1 want: 1.1.0
359 silly placeDep ROOT puppeteer-core@18.2.1 OK for: puppeteer@18.2.1 want: 18.2.1
360 silly fetch manifest debug@4
361 silly packumentCache full:https://registry.npmjs.org/debug cache-miss
362 silly fetch manifest agent-base@6
363 silly packumentCache full:https://registry.npmjs.org/agent-base cache-miss
364 silly fetch manifest ws@8.9.0
365 silly packumentCache full:https://registry.npmjs.org/ws cache-miss
366 silly fetch manifest debug@4.3.4
367 silly packumentCache full:https://registry.npmjs.org/debug cache-miss
368 silly fetch manifest rimraf@3.0.2
369 silly packumentCache full:https://registry.npmjs.org/rimraf cache-miss
370 silly fetch manifest tar-fs@2.1.1
371 silly packumentCache full:https://registry.npmjs.org/tar-fs cache-miss
372 silly fetch manifest cross-fetch@3.1.5
373 silly packumentCache full:https://registry.npmjs.org/cross-fetch cache-miss
374 http fetch GET 200 https://registry.npmjs.org/rimraf 45ms (cache hit)
375 silly packumentCache full:https://registry.npmjs.org/rimraf set size:191579 disposed:false
376 silly fetch manifest extract-zip@2.0.1
377 silly packumentCache full:https://registry.npmjs.org/extract-zip cache-miss
378 http fetch GET 200 https://registry.npmjs.org/debug 61ms (cache hit)
379 silly packumentCache full:https://registry.npmjs.org/debug set size:188929 disposed:false
380 silly fetch manifest unbzip2-stream@1.4.3
381 silly packumentCache full:https://registry.npmjs.org/unbzip2-stream cache-miss
382 http fetch GET 200 https://registry.npmjs.org/ws 81ms (cache hit)
383 silly packumentCache full:https://registry.npmjs.org/ws set size:403597 disposed:false
384 silly fetch manifest devtools-protocol@0.0.1045489
385 silly packumentCache full:https://registry.npmjs.org/devtools-protocol cache-miss
386 http fetch GET 200 https://registry.npmjs.org/debug 115ms (cache hit)
387 silly packumentCache full:https://registry.npmjs.org/debug set size:188929 disposed:false
388 silly packumentCache full:https://registry.npmjs.org/debug dispose
389 http fetch GET 200 https://registry.npmjs.org/tar-fs 118ms (cache hit)
390 silly packumentCache full:https://registry.npmjs.org/tar-fs set size:100330 disposed:false
391 http fetch GET 200 https://registry.npmjs.org/agent-base 131ms (cache hit)
392 silly packumentCache full:https://registry.npmjs.org/agent-base set size:61059 disposed:false
393 http fetch GET 200 https://registry.npmjs.org/cross-fetch 131ms (cache hit)
394 silly packumentCache full:https://registry.npmjs.org/cross-fetch set size:225493 disposed:false
395 http fetch GET 200 https://registry.npmjs.org/extract-zip 104ms (cache hit)
396 silly packumentCache full:https://registry.npmjs.org/extract-zip set size:47715 disposed:false
397 http fetch GET 200 https://registry.npmjs.org/unbzip2-stream 94ms (cache hit)
398 silly packumentCache full:https://registry.npmjs.org/unbzip2-stream set size:59105 disposed:false
399 http fetch GET 200 https://registry.npmjs.org/devtools-protocol 93ms (cache hit)
400 silly packumentCache full:https://registry.npmjs.org/devtools-protocol set size:2674035 disposed:false
401 silly placeDep ROOT agent-base@6.0.2 OK for: https-proxy-agent@5.0.1 want: 6
402 silly placeDep ROOT debug@4.3.7 OK for: https-proxy-agent@5.0.1 want: 4
403 silly fetch manifest ms@^2.1.3
404 silly packumentCache full:https://registry.npmjs.org/ms cache-miss
405 http fetch GET 200 https://registry.npmjs.org/ms 14ms (cache hit)
406 silly packumentCache full:https://registry.npmjs.org/ms set size:84885 disposed:false
407 silly placeDep ROOT ms@2.1.3 OK for: debug@4.3.7 want: ^2.1.3
408 silly fetch manifest bufferutil@^4.0.1
409 silly packumentCache full:https://registry.npmjs.org/bufferutil cache-miss
410 http fetch GET 200 https://registry.npmjs.org/bufferutil 10ms (cache hit)
411 silly packumentCache full:https://registry.npmjs.org/bufferutil set size:49090 disposed:false
412 silly fetch manifest utf-8-validate@^5.0.2
413 silly packumentCache full:https://registry.npmjs.org/utf-8-validate cache-miss
414 http fetch GET 200 https://registry.npmjs.org/utf-8-validate 13ms (cache hit)
415 silly packumentCache full:https://registry.npmjs.org/utf-8-validate set size:75205 disposed:false
416 silly placeDep ROOT cross-fetch@3.1.5 OK for: puppeteer-core@18.2.1 want: 3.1.5
417 silly placeDep node_modules/puppeteer-core debug@4.3.4 OK for: puppeteer-core@18.2.1 want: 4.3.4
418 silly placeDep ROOT devtools-protocol@0.0.1045489 OK for: puppeteer-core@18.2.1 want: 0.0.1045489
419 silly placeDep ROOT extract-zip@2.0.1 OK for: puppeteer-core@18.2.1 want: 2.0.1
420 silly placeDep ROOT rimraf@3.0.2 OK for: puppeteer-core@18.2.1 want: 3.0.2
421 silly placeDep ROOT tar-fs@2.1.1 OK for: puppeteer-core@18.2.1 want: 2.1.1
422 silly placeDep ROOT unbzip2-stream@1.4.3 OK for: puppeteer-core@18.2.1 want: 1.4.3
423 silly placeDep ROOT ws@8.9.0 OK for: puppeteer-core@18.2.1 want: 8.9.0
424 silly fetch manifest node-fetch@2.6.7
425 silly packumentCache full:https://registry.npmjs.org/node-fetch cache-hit
426 silly fetch manifest ms@2.1.2
427 silly packumentCache full:https://registry.npmjs.org/ms cache-hit
428 silly fetch manifest get-stream@^5.1.0
429 silly packumentCache full:https://registry.npmjs.org/get-stream cache-miss
430 silly fetch manifest yauzl@^2.10.0
431 silly packumentCache full:https://registry.npmjs.org/yauzl cache-miss
432 silly fetch manifest @types/yauzl@^2.9.1
433 silly packumentCache full:https://registry.npmjs.org/@types%2fyauzl cache-miss
434 silly fetch manifest chownr@^1.1.1
435 silly packumentCache full:https://registry.npmjs.org/chownr cache-miss
436 silly fetch manifest mkdirp-classic@^0.5.2
437 silly packumentCache full:https://registry.npmjs.org/mkdirp-classic cache-miss
438 silly fetch manifest pump@^3.0.0
439 silly packumentCache full:https://registry.npmjs.org/pump cache-miss
440 silly fetch manifest buffer@^5.2.1
441 silly packumentCache full:https://registry.npmjs.org/buffer cache-miss
442 http fetch GET 200 https://registry.npmjs.org/get-stream 51ms (cache hit)
443 silly packumentCache full:https://registry.npmjs.org/get-stream set size:57536 disposed:false
444 silly fetch manifest through@^2.3.8
445 silly packumentCache full:https://registry.npmjs.org/through cache-miss
446 http fetch GET 200 https://registry.npmjs.org/pump 49ms (cache hit)
447 silly packumentCache full:https://registry.npmjs.org/pump set size:38118 disposed:false
448 http fetch GET 200 https://registry.npmjs.org/yauzl 63ms (cache hit)
449 silly packumentCache full:https://registry.npmjs.org/yauzl set size:97051 disposed:false
450 http fetch GET 200 https://registry.npmjs.org/mkdirp-classic 66ms (cache hit)
451 silly packumentCache full:https://registry.npmjs.org/mkdirp-classic set size:5503 disposed:false
452 http fetch GET 200 https://registry.npmjs.org/buffer 63ms (cache hit)
453 silly packumentCache full:https://registry.npmjs.org/buffer set size:280480 disposed:false
454 http fetch GET 200 https://registry.npmjs.org/@types%2fyauzl 88ms (cache hit)
455 silly packumentCache full:https://registry.npmjs.org/@types%2fyauzl set size:14094 disposed:false
456 http fetch GET 200 https://registry.npmjs.org/chownr 90ms (cache hit)
457 silly packumentCache full:https://registry.npmjs.org/chownr set size:22157 disposed:false
458 http fetch GET 200 https://registry.npmjs.org/through 49ms (cache hit)
459 silly packumentCache full:https://registry.npmjs.org/through set size:38403 disposed:false
460 silly placeDep node_modules/cross-fetch node-fetch@2.6.7 OK for: cross-fetch@3.1.5 want: 2.6.7
461 silly placeDep ROOT @types/yauzl@2.10.3 OK for: extract-zip@2.0.1 want: ^2.9.1
462 silly placeDep ROOT get-stream@5.2.0 OK for: extract-zip@2.0.1 want: ^5.1.0
463 silly placeDep ROOT yauzl@2.10.0 OK for: extract-zip@2.0.1 want: ^2.10.0
464 silly fetch manifest @types/node@*
465 silly packumentCache full:https://registry.npmjs.org/@types%2fnode cache-miss
466 silly fetch manifest fd-slicer@~1.1.0
467 silly packumentCache full:https://registry.npmjs.org/fd-slicer cache-miss
468 http fetch GET 200 https://registry.npmjs.org/fd-slicer 15ms (cache hit)
469 silly packumentCache full:https://registry.npmjs.org/fd-slicer set size:25525 disposed:false
470 http fetch GET 200 https://registry.npmjs.org/@types%2fnode 97ms (cache hit)
471 silly packumentCache full:https://registry.npmjs.org/@types%2fnode set size:9446085 disposed:false
472 silly placeDep ROOT @types/node@22.10.1 OK for: @types/yauzl@2.10.3 want: *
473 silly fetch manifest undici-types@~6.20.0
474 silly packumentCache full:https://registry.npmjs.org/undici-types cache-miss
475 http fetch GET 200 https://registry.npmjs.org/undici-types 35ms (cache hit)
476 silly packumentCache full:https://registry.npmjs.org/undici-types set size:111986 disposed:false
477 silly placeDep ROOT undici-types@6.20.0 OK for: @types/node@22.10.1 want: ~6.20.0
478 silly placeDep ROOT pump@3.0.2 OK for: get-stream@5.2.0 want: ^3.0.0
479 silly fetch manifest end-of-stream@^1.1.0
480 silly packumentCache full:https://registry.npmjs.org/end-of-stream cache-hit
481 silly placeDep ROOT end-of-stream@1.4.4 OK for: pump@3.0.2 want: ^1.1.0
482 silly placeDep ROOT string_decoder@1.3.0 OK for: readable-stream@3.6.2 want: ^1.1.1
483 silly placeDep ROOT util-deprecate@1.0.2 OK for: readable-stream@3.6.2 want: ^1.0.1
484 silly fetch manifest safe-buffer@~5.2.0
485 silly packumentCache full:https://registry.npmjs.org/safe-buffer cache-hit
486 silly placeDep node_modules/readdir-glob minimatch@5.1.6 OK for: readdir-glob@1.1.3 want: ^5.1.0
487 silly fetch manifest brace-expansion@^2.0.1
488 silly packumentCache full:https://registry.npmjs.org/brace-expansion cache-hit
489 silly placeDep ROOT safe-buffer@5.2.1 OK for: string_decoder@1.3.0 want: ~5.2.0
490 silly placeDep ROOT chownr@1.1.4 OK for: tar-fs@2.1.1 want: ^1.1.1
491 silly placeDep ROOT mkdirp-classic@0.5.3 OK for: tar-fs@2.1.1 want: ^0.5.2
492 silly placeDep ROOT bl@4.1.0 OK for: tar-stream@2.2.0 want: ^4.0.3
493 silly placeDep ROOT fs-constants@1.0.0 OK for: tar-stream@2.2.0 want: ^1.0.0
494 silly fetch manifest buffer@^5.5.0
495 silly packumentCache full:https://registry.npmjs.org/buffer cache-hit
496 silly placeDep ROOT buffer@5.7.1 OK for: bl@4.1.0 want: ^5.5.0
497 silly fetch manifest base64-js@^1.3.1
498 silly packumentCache full:https://registry.npmjs.org/base64-js cache-miss
499 silly fetch manifest ieee754@^1.1.13
500 silly packumentCache full:https://registry.npmjs.org/ieee754 cache-miss
501 http fetch GET 200 https://registry.npmjs.org/base64-js 13ms (cache hit)
502 silly packumentCache full:https://registry.npmjs.org/base64-js set size:41270 disposed:false
503 http fetch GET 200 https://registry.npmjs.org/ieee754 16ms (cache hit)
504 silly packumentCache full:https://registry.npmjs.org/ieee754 set size:34910 disposed:false
505 silly placeDep ROOT base64-js@1.5.1 OK for: buffer@5.7.1 want: ^1.3.1
506 silly placeDep ROOT ieee754@1.2.1 OK for: buffer@5.7.1 want: ^1.1.13
507 silly placeDep ROOT through@2.3.8 OK for: unbzip2-stream@1.4.3 want: ^2.3.8
508 silly placeDep ROOT big-integer@1.6.52 OK for: unzipper@0.10.14 want: ^1.6.17
509 silly placeDep ROOT binary@0.3.0 OK for: unzipper@0.10.14 want: ~0.3.0
510 silly placeDep ROOT bluebird@3.4.7 OK for: unzipper@0.10.14 want: ~3.4.1
511 silly placeDep ROOT buffer-indexof-polyfill@1.0.2 OK for: unzipper@0.10.14 want: ~1.0.0
512 silly placeDep ROOT duplexer2@0.1.4 OK for: unzipper@0.10.14 want: ~0.1.4
513 silly placeDep ROOT fstream@1.0.12 OK for: unzipper@0.10.14 want: ^1.0.12
514 silly placeDep ROOT listenercount@1.0.1 OK for: unzipper@0.10.14 want: ~1.0.1
515 silly placeDep node_modules/unzipper readable-stream@2.3.8 OK for: unzipper@0.10.14 want: ~2.3.6
516 silly placeDep ROOT setimmediate@1.0.5 OK for: unzipper@0.10.14 want: ~1.0.4
517 silly fetch manifest chainsaw@~0.1.0
518 silly packumentCache full:https://registry.npmjs.org/chainsaw cache-miss
519 silly fetch manifest buffers@~0.1.1
520 silly packumentCache full:https://registry.npmjs.org/buffers cache-miss
521 silly fetch manifest readable-stream@^2.0.2
522 silly packumentCache full:https://registry.npmjs.org/readable-stream cache-hit
523 silly fetch manifest mkdirp@>=0.5 0
524 silly packumentCache full:https://registry.npmjs.org/mkdirp cache-miss
525 silly fetch manifest rimraf@2
526 silly packumentCache full:https://registry.npmjs.org/rimraf cache-hit
527 http fetch GET 200 https://registry.npmjs.org/buffers 29ms (cache hit)
528 silly packumentCache full:https://registry.npmjs.org/buffers set size:6817 disposed:false
529 http fetch GET 200 https://registry.npmjs.org/mkdirp 30ms (cache hit)
530 silly packumentCache full:https://registry.npmjs.org/mkdirp set size:116455 disposed:false
531 http fetch GET 200 https://registry.npmjs.org/chainsaw 42ms (cache hit)
532 silly packumentCache full:https://registry.npmjs.org/chainsaw set size:10192 disposed:false
533 silly placeDep ROOT buffers@0.1.1 OK for: binary@0.3.0 want: ~0.1.1
534 silly placeDep ROOT chainsaw@0.1.0 OK for: binary@0.3.0 want: ~0.1.0
535 silly fetch manifest traverse@>=0.3.0 <0.4
536 silly packumentCache full:https://registry.npmjs.org/traverse cache-miss
537 http fetch GET 200 https://registry.npmjs.org/traverse 12ms (cache hit)
538 silly packumentCache full:https://registry.npmjs.org/traverse set size:55576 disposed:false
539 silly placeDep ROOT traverse@0.3.9 OK for: chainsaw@0.1.0 want: >=0.3.0 <0.4
540 silly placeDep node_modules/duplexer2 readable-stream@2.3.8 OK for: duplexer2@0.1.4 want: ^2.0.2
541 silly placeDep ROOT mkdirp@0.5.6 OK for: fstream@1.0.12 want: >=0.5 0
542 silly placeDep node_modules/fstream rimraf@2.7.1 OK for: fstream@1.0.12 want: 2
543 silly fetch manifest minimist@^1.2.6
544 silly packumentCache full:https://registry.npmjs.org/minimist cache-miss
545 http fetch GET 200 https://registry.npmjs.org/minimist 10ms (cache hit)
546 silly packumentCache full:https://registry.npmjs.org/minimist set size:77097 disposed:false
547 silly placeDep ROOT minimist@1.2.8 OK for: mkdirp@0.5.6 want: ^1.2.6
548 silly placeDep ROOT tr46@0.0.3 OK for: whatwg-url@5.0.0 want: ~0.0.3
549 silly placeDep ROOT webidl-conversions@3.0.1 OK for: whatwg-url@5.0.0 want: ^3.0.0
550 silly placeDep ROOT isexe@2.0.0 OK for: which@1.3.1 want: ^2.0.0
551 silly placeDep ROOT fd-slicer@1.1.0 OK for: yauzl@2.10.0 want: ~1.1.0
552 silly fetch manifest pend@~1.2.0
553 silly packumentCache full:https://registry.npmjs.org/pend cache-miss
554 http fetch GET 200 https://registry.npmjs.org/pend 11ms (cache hit)
555 silly packumentCache full:https://registry.npmjs.org/pend set size:8066 disposed:false
556 silly placeDep ROOT pend@1.2.0 OK for: fd-slicer@1.1.0 want: ~1.2.0
557 silly placeDep node_modules/zip-stream archiver-utils@3.0.4 OK for: zip-stream@4.1.1 want: ^3.0.4
558 silly placeDep ROOT compress-commons@4.1.2 OK for: zip-stream@4.1.1 want: ^4.1.2
559 silly fetch manifest crc32-stream@^4.0.2
560 silly packumentCache full:https://registry.npmjs.org/crc32-stream cache-miss
561 http fetch GET 200 https://registry.npmjs.org/crc32-stream 11ms (cache hit)
562 silly packumentCache full:https://registry.npmjs.org/crc32-stream set size:49384 disposed:false
563 silly placeDep ROOT crc32-stream@4.0.3 OK for: compress-commons@4.1.2 want: ^4.0.2
564 silly fetch manifest crc-32@^1.2.0
565 silly packumentCache full:https://registry.npmjs.org/crc-32 cache-miss
566 http fetch GET 200 https://registry.npmjs.org/crc-32 9ms (cache hit)
567 silly packumentCache full:https://registry.npmjs.org/crc-32 set size:32170 disposed:false
568 silly placeDep ROOT crc-32@1.2.2 OK for: crc32-stream@4.0.3 want: ^1.2.0
569 silly placeDep ROOT core-util-is@1.0.3 OK for: readable-stream@2.3.8 want: ~1.0.0
570 silly placeDep ROOT isarray@1.0.0 OK for: readable-stream@2.3.8 want: ~1.0.0
571 silly placeDep ROOT process-nextick-args@2.0.1 OK for: readable-stream@2.3.8 want: ~2.0.0
572 silly placeDep node_modules/archiver-utils safe-buffer@5.1.2 OK for: readable-stream@2.3.8 want: ~5.1.1
573 silly placeDep node_modules/archiver-utils string_decoder@1.1.1 OK for: readable-stream@2.3.8 want: ~1.1.1
574 silly placeDep node_modules/duplexer2 safe-buffer@5.1.2 OK for: readable-stream@2.3.8 want: ~5.1.1
575 silly placeDep node_modules/duplexer2 string_decoder@1.1.1 OK for: readable-stream@2.3.8 want: ~1.1.1
576 silly placeDep node_modules/lazystream safe-buffer@5.1.2 OK for: readable-stream@2.3.8 want: ~5.1.1
577 silly placeDep node_modules/lazystream string_decoder@1.1.1 OK for: readable-stream@2.3.8 want: ~1.1.1
578 silly placeDep node_modules/puppeteer-core ms@2.1.2 OK for: debug@4.3.4 want: 2.1.2
579 silly placeDep node_modules/readdir-glob brace-expansion@2.0.1 OK for: minimatch@5.1.6 want: ^2.0.1
580 silly placeDep node_modules/unzipper safe-buffer@5.1.2 OK for: readable-stream@2.3.8 want: ~5.1.1
581 silly placeDep node_modules/unzipper string_decoder@1.1.1 OK for: readable-stream@2.3.8 want: ~1.1.1
582 silly reify moves {}
583 silly audit bulk request {
583 silly audit   'qrcode-terminal': [ '0.12.0' ],
583 silly audit   'whatsapp-web.js': [ '1.26.0' ],
583 silly audit   '@pedroslopez/moduleraid': [ '5.0.2' ],
583 silly audit   archiver: [ '5.3.2' ],
583 silly audit   'fluent-ffmpeg': [ '2.1.2' ],
583 silly audit   'fs-extra': [ '10.1.0' ],
583 silly audit   mime: [ '3.0.0' ],
583 silly audit   'node-fetch': [ '2.7.0', '2.6.7' ],
583 silly audit   'node-webpmux': [ '3.1.7' ],
583 silly audit   puppeteer: [ '18.2.1' ],
583 silly audit   unzipper: [ '0.10.14' ],
583 silly audit   'archiver-utils': [ '2.1.0', '3.0.4' ],
583 silly audit   async: [ '3.2.6' ],
583 silly audit   'buffer-crc32': [ '0.2.13' ],
583 silly audit   'readable-stream': [ '3.6.2', '2.3.8' ],
583 silly audit   'readdir-glob': [ '1.1.3' ],
583 silly audit   'tar-stream': [ '2.2.0' ],
583 silly audit   'zip-stream': [ '4.1.1' ],
583 silly audit   glob: [ '7.2.3' ],
583 silly audit   'graceful-fs': [ '4.2.11' ],
583 silly audit   lazystream: [ '1.0.1' ],
583 silly audit   'lodash.defaults': [ '4.2.0' ],
583 silly audit   'lodash.difference': [ '4.5.0' ],
583 silly audit   'lodash.flatten': [ '4.4.0' ],
583 silly audit   'lodash.isplainobject': [ '4.0.6' ],
583 silly audit   'lodash.union': [ '4.6.0' ],
583 silly audit   'normalize-path': [ '3.0.0' ],
583 silly audit   which: [ '1.3.1' ],
583 silly audit   jsonfile: [ '6.1.0' ],
583 silly audit   universalify: [ '2.0.1' ],
583 silly audit   'fs.realpath': [ '1.0.0' ],
583 silly audit   inflight: [ '1.0.6' ],
583 silly audit   inherits: [ '2.0.4' ],
583 silly audit   minimatch: [ '3.1.2', '5.1.6' ],
583 silly audit   once: [ '1.4.0' ],
583 silly audit   'path-is-absolute': [ '1.0.1' ],
583 silly audit   wrappy: [ '1.0.2' ],
583 silly audit   'brace-expansion': [ '1.1.11', '2.0.1' ],
583 silly audit   'balanced-match': [ '1.0.2' ],
583 silly audit   'concat-map': [ '0.0.1' ],
583 silly audit   'whatwg-url': [ '5.0.0' ],
583 silly audit   'https-proxy-agent': [ '5.0.1' ],
583 silly audit   progress: [ '2.0.3' ],
583 silly audit   'proxy-from-env': [ '1.1.0' ],
583 silly audit   'puppeteer-core': [ '18.2.1' ],
583 silly audit   'agent-base': [ '6.0.2' ],
583 silly audit   debug: [ '4.3.7', '4.3.4' ],
583 silly audit   ms: [ '2.1.3', '2.1.2' ],
583 silly audit   'cross-fetch': [ '3.1.5' ],
583 silly audit   'devtools-protocol': [ '0.0.1045489' ],
583 silly audit   'extract-zip': [ '2.0.1' ],
583 silly audit   rimraf: [ '3.0.2', '2.7.1' ],
583 silly audit   'tar-fs': [ '2.1.1' ],
583 silly audit   'unbzip2-stream': [ '1.4.3' ],
583 silly audit   ws: [ '8.9.0' ],
583 silly audit   '@types/yauzl': [ '2.10.3' ],
583 silly audit   'get-stream': [ '5.2.0' ],
583 silly audit   yauzl: [ '2.10.0' ],
583 silly audit   '@types/node': [ '22.10.1' ],
583 silly audit   'undici-types': [ '6.20.0' ],
583 silly audit   pump: [ '3.0.2' ],
583 silly audit   'end-of-stream': [ '1.4.4' ],
583 silly audit   string_decoder: [ '1.3.0', '1.1.1' ],
583 silly audit   'util-deprecate': [ '1.0.2' ],
583 silly audit   'safe-buffer': [ '5.2.1', '5.1.2' ],
583 silly audit   chownr: [ '1.1.4' ],
583 silly audit   'mkdirp-classic': [ '0.5.3' ],
583 silly audit   bl: [ '4.1.0' ],
583 silly audit   'fs-constants': [ '1.0.0' ],
583 silly audit   buffer: [ '5.7.1' ],
583 silly audit   'base64-js': [ '1.5.1' ],
583 silly audit   ieee754: [ '1.2.1' ],
583 silly audit   through: [ '2.3.8' ],
583 silly audit   'big-integer': [ '1.6.52' ],
583 silly audit   binary: [ '0.3.0' ],
583 silly audit   bluebird: [ '3.4.7' ],
583 silly audit   'buffer-indexof-polyfill': [ '1.0.2' ],
583 silly audit   duplexer2: [ '0.1.4' ],
583 silly audit   fstream: [ '1.0.12' ],
583 silly audit   listenercount: [ '1.0.1' ],
583 silly audit   setimmediate: [ '1.0.5' ],
583 silly audit   buffers: [ '0.1.1' ],
583 silly audit   chainsaw: [ '0.1.0' ],
583 silly audit   traverse: [ '0.3.9' ],
583 silly audit   mkdirp: [ '0.5.6' ],
583 silly audit   minimist: [ '1.2.8' ],
583 silly audit   tr46: [ '0.0.3' ],
583 silly audit   'webidl-conversions': [ '3.0.1' ],
583 silly audit   isexe: [ '2.0.0' ],
583 silly audit   'fd-slicer': [ '1.1.0' ],
583 silly audit   pend: [ '1.2.0' ],
583 silly audit   'compress-commons': [ '4.1.2' ],
583 silly audit   'crc32-stream': [ '4.0.3' ],
583 silly audit   'crc-32': [ '1.2.2' ],
583 silly audit   'core-util-is': [ '1.0.3' ],
583 silly audit   isarray: [ '1.0.0' ],
583 silly audit   'process-nextick-args': [ '2.0.1' ]
583 silly audit }
584 warn deprecated inflight@1.0.6: This module is not supported, and leaks memory. Do not use it. Check out lru-cache if you want a good and tested way to coalesce async requests by a key value, which is much more comprehensive and powerful.
585 warn deprecated rimraf@2.7.1: Rimraf versions prior to v4 are no longer supported
586 warn deprecated rimraf@3.0.2: Rimraf versions prior to v4 are no longer supported
587 warn deprecated glob@7.2.3: Glob versions prior to v9 are no longer supported
588 warn deprecated fstream@1.0.12: This package is no longer supported.
589 warn deprecated puppeteer@18.2.1: < 22.8.2 is no longer supported
590 http fetch POST 200 https://registry.npmjs.org/-/npm/v1/security/advisories/bulk 1701ms
591 silly audit report {
591 silly audit report   ws: [
591 silly audit report     {
591 silly audit report       id: 1098392,
591 silly audit report       url: 'https://github.com/advisories/GHSA-3h5v-q93c-6h6q',
591 silly audit report       title: 'ws affected by a DoS when handling a request with many HTTP headers',
591 silly audit report       severity: 'high',
591 silly audit report       vulnerable_versions: '>=8.0.0 <8.17.1',
591 silly audit report       cwe: [Array],
591 silly audit report       cvss: [Object]
591 silly audit report     }
591 silly audit report   ]
591 silly audit report }
592 silly packumentCache corgi:https://registry.npmjs.org/ws cache-miss
593 http fetch GET 200 https://registry.npmjs.org/ws 51ms (cache hit)
594 silly packumentCache corgi:https://registry.npmjs.org/ws set size:190597 disposed:false
595 silly packumentCache corgi:https://registry.npmjs.org/puppeteer-core cache-miss
596 http fetch GET 200 https://registry.npmjs.org/puppeteer-core 36ms (cache hit)
597 silly packumentCache corgi:https://registry.npmjs.org/puppeteer-core set size:455648 disposed:false
598 silly packumentCache corgi:https://registry.npmjs.org/puppeteer cache-miss
599 info run puppeteer@18.2.1 postinstall node_modules/puppeteer node install.js
600 info run puppeteer@18.2.1 postinstall { code: 1, signal: null }
601 verbose stack Error: command failed
601 verbose stack     at promiseSpawn (/data/data/com.termux/files/usr/lib/node_modules/npm/node_modules/@npmcli/promise-spawn/lib/index.js:22:22)
601 verbose stack     at spawnWithShell (/data/data/com.termux/files/usr/lib/node_modules/npm/node_modules/@npmcli/promise-spawn/lib/index.js:124:10)
601 verbose stack     at promiseSpawn (/data/data/com.termux/files/usr/lib/node_modules/npm/node_modules/@npmcli/promise-spawn/lib/index.js:12:12)
601 verbose stack     at runScriptPkg (/data/data/com.termux/files/usr/lib/node_modules/npm/node_modules/@npmcli/run-script/lib/run-script-pkg.js:77:13)
601 verbose stack     at runScript (/data/data/com.termux/files/usr/lib/node_modules/npm/node_modules/@npmcli/run-script/lib/run-script.js:9:12)
601 verbose stack     at /data/data/com.termux/files/usr/lib/node_modules/npm/node_modules/@npmcli/arborist/lib/arborist/rebuild.js:329:17
601 verbose stack     at run (/data/data/com.termux/files/usr/lib/node_modules/npm/node_modules/promise-call-limit/dist/commonjs/index.js:67:22)
601 verbose stack     at /data/data/com.termux/files/usr/lib/node_modules/npm/node_modules/promise-call-limit/dist/commonjs/index.js:84:9
601 verbose stack     at new Promise (<anonymous>)
601 verbose stack     at callLimit (/data/data/com.termux/files/usr/lib/node_modules/npm/node_modules/promise-call-limit/dist/commonjs/index.js:35:69)
602 verbose pkgid puppeteer@18.2.1
603 error code 1
604 error path /data/data/com.termux/files/home/whatsapp-bot/node_modules/puppeteer
605 error command failed
606 error command sh -c node install.js
607 silly unfinished npm timer reify 1732794326795
608 silly unfinished npm timer reify:audit 1732794330360
609 silly unfinished npm timer auditReport:init 1732794332078
610 silly unfinished npm timer metavuln:calculate:security-advisory:puppeteer:ALwLLkpClDW1efls6YF4e73oqPYLUgxWk8oOnSxKnd8WG2vnjHsEamzqiIi/sshXdUByvXZowlbcHW8cb+oZeg== 1732794332205
611 silly unfinished npm timer metavuln:packument:puppeteer 1732794332206
612 silly unfinished npm timer reify:build 1732794332864
613 silly unfinished npm timer build 1732794332865
614 silly unfinished npm timer build:deps 1732794332866
615 silly unfinished npm timer build:run:postinstall 1732794332901
616 silly unfinished npm timer build:run:postinstall:node_modules/puppeteer 1732794332902
617 verbose cwd /data/data/com.termux/files/home/whatsapp-bot
618 verbose os Linux 5.4.254-android12-9-660869-g6e96dd35d0bd-ab531
619 verbose node v22.8.0
620 verbose npm  v10.8.2
621 verbose exit 1
622 verbose code 1
623 error A complete log of this run can be found in: /data/data/com.termux/files/home/.npm/_logs/2024-11-28T11_45_25_325Z-debug-0.log
